0 info it worked if it ends with ok
1 verbose cli [ 'C:\\Program Files\\nodejs\\node.exe',
1 verbose cli   'C:\\Users\\dell\\AppData\\Roaming\\npm\\node_modules\\npm\\bin\\npm-cli.js',
1 verbose cli   'run',
1 verbose cli   'dev' ]
2 info using npm@3.10.10
3 info using node@v10.14.1
4 verbose run-script [ 'predev', 'dev', 'postdev' ]
5 info lifecycle bbtoken@1.0.0~predev: bbtoken@1.0.0
6 silly lifecycle bbtoken@1.0.0~predev: no script for predev, continuing
7 info lifecycle bbtoken@1.0.0~dev: bbtoken@1.0.0
8 verbose lifecycle bbtoken@1.0.0~dev: unsafe-perm in lifecycle true
9 verbose lifecycle bbtoken@1.0.0~dev: PATH: C:\Users\dell\AppData\Roaming\npm\node_modules\npm\bin\node-gyp-bin;D:\www\bbtoken02\node_modules\.bin;C:\Windows\system32;C:\Windows;C:\Windows\System32\Wbem;C:\Windows\System32\WindowsPowerShell\v1.0\;C:\Windows\System32\OpenSSH\;C:\Program Files (x86)\NVIDIA Corporation\PhysX\Common;C:\Program Files\Git\cmd;C:\ProgramData\chocolatey\bin;C:\phpStudy\PHPTutorial\php\php-7.2.1-nts;C:\phpStudy\PHPTutorial\php\php-7.2.1-nts\ext;C:\Program Files\nodejs\;C:\Users\dell\.windows-build-tools\python27\;C:\Program Files\nodejs\node_modules\npm\node_modules\npm-lifecycle\node-gyp-bin;C:\Users\dell\AppData\Roaming\npm\node_modules\windows-build-tools\node_modules\.bin;C:\Users\dell\AppData\Roaming\npm\node_modules\.bin;C:\Windows\system32;C:\Windows;C:\Windows\System32\Wbem;C:\Windows\System32\WindowsPowerShell\v1.0\;C:\Windows\System32\OpenSSH\;C:\Program Files (x86)\NVIDIA Corporation\PhysX\Common;C:\Program Files\Git\cmd;C:\ProgramData\chocolatey\bin;C:\phpStudy\PHPTutorial\php\php-7.2.1-nts;C:\phpStudy\PHPTutorial\php\php-7.2.1-nts\ext;C:\Program Files\nodejs\;C:\Users\dell\AppData\Local\Microsoft\WindowsApps;C:\Users\dell\AppData\Roaming\npm;C:\Users\dell\AppData\Local\Programs\Fiddler;C:\Program Files (x86)\Egret\Egret Wing 3\bin;C:\Users\dell\AppData\Local\Programs\Microsoft VS Code\bin;C:\Program Files\heroku\bin
10 verbose lifecycle bbtoken@1.0.0~dev: CWD: D:\www\bbtoken02
11 silly lifecycle bbtoken@1.0.0~dev: Args: [ '/d /s /c',
11 silly lifecycle   'webpack-dev-server   --config build/webpack.config.dev.js' ]
12 silly lifecycle bbtoken@1.0.0~dev: Returned: code: 1  signal: null
13 info lifecycle bbtoken@1.0.0~dev: Failed to exec dev script
14 verbose stack Error: bbtoken@1.0.0 dev: `webpack-dev-server   --config build/webpack.config.dev.js`
14 verbose stack Exit status 1
14 verbose stack     at EventEmitter.<anonymous> (C:\Users\dell\AppData\Roaming\npm\node_modules\npm\lib\utils\lifecycle.js:255:16)
14 verbose stack     at EventEmitter.emit (events.js:182:13)
14 verbose stack     at ChildProcess.<anonymous> (C:\Users\dell\AppData\Roaming\npm\node_modules\npm\lib\utils\spawn.js:40:14)
14 verbose stack     at ChildProcess.emit (events.js:182:13)
14 verbose stack     at maybeClose (internal/child_process.js:962:16)
14 verbose stack     at Process.ChildProcess._handle.onexit (internal/child_process.js:251:5)
15 verbose pkgid bbtoken@1.0.0
16 verbose cwd D:\www\bbtoken02
17 error Windows_NT 10.0.17134
18 error argv "C:\\Program Files\\nodejs\\node.exe" "C:\\Users\\dell\\AppData\\Roaming\\npm\\node_modules\\npm\\bin\\npm-cli.js" "run" "dev"
19 error node v10.14.1
20 error npm  v3.10.10
21 error code ELIFECYCLE
22 error bbtoken@1.0.0 dev: `webpack-dev-server   --config build/webpack.config.dev.js`
22 error Exit status 1
23 error Failed at the bbtoken@1.0.0 dev script 'webpack-dev-server   --config build/webpack.config.dev.js'.
23 error Make sure you have the latest version of node.js and npm installed.
23 error If you do, this is most likely a problem with the bbtoken package,
23 error not with npm itself.
23 error Tell the author that this fails on your system:
23 error     webpack-dev-server   --config build/webpack.config.dev.js
23 error You can get information on how to open an issue for this project with:
23 error     npm bugs bbtoken
23 error Or if that isn't available, you can get their info via:
23 error     npm owner ls bbtoken
23 error There is likely additional logging output above.
24 verbose exit [ 1, true ]
