[2019-04-08T10:45:48.912] [INFO] sqlLog - Executing (default): SELECT 1+1 AS result
[2019-04-08T10:45:48.912] [INFO] sqlLog - Executing (default): CREATE TABLE IF NOT EXISTS `game_member` (`id` INTEGER(10) UNSIGNED NOT NULL , `user_name` VARCHAR(30) NOT NULL, `user_avatar` VARCHAR(255) NOT NULL, `diamond` INTEGER(10) UNSIGNED NOT NULL DEFAULT '0', `token` VARCHAR(50) NOT NULL, `freeze_diamond` INTEGER(10) UNSIGNED NOT NULL DEFAULT '0', `created_at` DATETIME NOT NULL, `updated_at` DATETIME NOT NULL, PRIMARY KEY (`id`)) ENGINE=InnoDB;
[2019-04-08T10:45:48.912] [INFO] sqlLog - Executing (default): CREATE TABLE IF NOT EXISTS `game_order_mora` (`id` INTEGER(10) UNSIGNED NOT NULL auto_increment , `uid` INTEGER(10) UNSIGNED NOT NULL, `target_uid` INTEGER(10) UNSIGNED DEFAULT NULL, `shape` INTEGER(4) NOT NULL, `target_shape` INTEGER(4) DEFAULT NULL, `grade` INTEGER(3) UNSIGNED NOT NULL, `diamond_number` INTEGER(10) UNSIGNED NOT NULL, `status` ENUM('0', '1', '2', '3') NOT NULL DEFAULT '0', `created_at` DATETIME NOT NULL, `updated_at` DATETIME NOT NULL, PRIMARY KEY (`id`)) ENGINE=InnoDB;
[2019-04-08T10:45:48.912] [INFO] sqlLog - Executing (default): CREATE TABLE IF NOT EXISTS `game_mora_config` (`id` INTEGER(3) UNSIGNED NOT NULL auto_increment , `name` VARCHAR(20) NOT NULL, `index` INTEGER(3) UNSIGNED NOT NULL DEFAULT '0', `value` VARCHAR(20) NOT NULL, `content` VARCHAR(30) NOT NULL, `created_at` DATETIME NOT NULL, `updated_at` DATETIME NOT NULL, PRIMARY KEY (`id`)) ENGINE=InnoDB;
[2019-04-08T10:45:48.912] [INFO] sqlLog - Executing (default): CREATE TABLE IF NOT EXISTS `game_diamond_log` (`id` INTEGER(11) NOT NULL auto_increment , `join_id` INTEGER(10) UNSIGNED NOT NULL DEFAULT 0, `uid` INTEGER(10) UNSIGNED NOT NULL, `traget_uid` INTEGER(10) UNSIGNED NOT NULL DEFAULT 0, `type` ENUM('0', '1') NOT NULL, `before_change` INTEGER(10) UNSIGNED NOT NULL, `change` INTEGER(10) UNSIGNED NOT NULL, `after_change` INTEGER(10) UNSIGNED NOT NULL, `source` INTEGER(4) NOT NULL, `content` VARCHAR(30) NOT NULL, `vsc` INTEGER(10) NOT NULL DEFAULT 0, `status` INTEGER(4) NOT NULL DEFAULT 0, `freeze_diamond` INTEGER(10) NOT NULL DEFAULT 0, `created_at` DATETIME NOT NULL, `updated_at` DATETIME NOT NULL, PRIMARY KEY (`id`)) ENGINE=InnoDB;
[2019-04-08T10:45:48.912] [INFO] sqlLog - Executing (default): CREATE TABLE IF NOT EXISTS `game_diamond_exchange_order` (`id` INTEGER(10) UNSIGNED NOT NULL auto_increment , `uid` INTEGER(10) UNSIGNED NOT NULL DEFAULT '0', `orderNO` CHAR(24) NOT NULL UNIQUE, `diamond` INTEGER(10) UNSIGNED NOT NULL DEFAULT '0', `amount` DECIMAL NOT NULL DEFAULT '0.00000000', `orderType` INTEGER(1) UNSIGNED NOT NULL DEFAULT '0', `payType` INTEGER(1) UNSIGNED NOT NULL DEFAULT '0', `status` INTEGER(1) UNSIGNED NOT NULL DEFAULT '0', `content` VARCHAR(100) NOT NULL DEFAULT '', `datetime` DATETIME NOT NULL DEFAULT '1970-01-01 00:00:00', `payTime` DATETIME NOT NULL DEFAULT '1970-01-01 00:00:00', `finishTime` DATETIME NOT NULL DEFAULT '1970-01-01 00:00:00', PRIMARY KEY (`id`)) ENGINE=InnoDB;
[2019-04-08T10:45:48.943] [INFO] sqlLog - Executing (default): CREATE TABLE IF NOT EXISTS `game_notice` (`id` INTEGER(10) UNSIGNED NOT NULL auto_increment , `uid` INTEGER(10) UNSIGNED NOT NULL, `content` VARCHAR(255) NOT NULL, `type` INTEGER(3) UNSIGNED NOT NULL DEFAULT 0, `status` INTEGER(3) UNSIGNED NOT NULL DEFAULT 0, `created_at` DATETIME NOT NULL, `updated_at` DATETIME NOT NULL, PRIMARY KEY (`id`)) ENGINE=InnoDB;
[2019-04-08T10:45:48.943] [INFO] sqlLog - Executing (default): CREATE TABLE IF NOT EXISTS `game_task` (`id` INTEGER(10) UNSIGNED NOT NULL auto_increment , `uid` INTEGER(10) UNSIGNED NOT NULL, `join_id` INTEGER(10) UNSIGNED DEFAULT 0, `type` INTEGER(3) UNSIGNED DEFAULT 0, `status` INTEGER(3) UNSIGNED DEFAULT 0, `created_at` DATETIME NOT NULL, `updated_at` DATETIME NOT NULL, PRIMARY KEY (`id`)) ENGINE=InnoDB;
[2019-04-08T10:45:48.943] [INFO] sqlLog - Executing (default): CREATE TABLE IF NOT EXISTS `game_record_log` (`id` INTEGER(10) UNSIGNED NOT NULL auto_increment , `order_id` INTEGER(10) UNSIGNED NOT NULL, `room_owner_id` INTEGER(10) UNSIGNED NOT NULL, `uid` INTEGER(10) UNSIGNED NOT NULL, `target_uid` INTEGER(10) UNSIGNED NOT NULL, `grade` INTEGER(3) UNSIGNED NOT NULL, `diamond_number` INTEGER(10) UNSIGNED NOT NULL, `res_diamond` INTEGER(10) NOT NULL, `shape` INTEGER(4) NOT NULL, `target_shape` INTEGER(4) DEFAULT NULL, `status` ENUM('0', '1', '2') NOT NULL DEFAULT '0', `created_at` DATETIME NOT NULL, `updated_at` DATETIME NOT NULL, PRIMARY KEY (`id`)) ENGINE=InnoDB;
[2019-04-08T10:45:48.943] [INFO] sqlLog - Executing (default): SELECT `name`, `index`, `value`, `content` FROM `game_mora_config` AS `game_mora_config` WHERE `game_mora_config`.`name` = 'grade';
[2019-04-08T10:45:48.943] [INFO] sqlLog - Executing (default): SHOW INDEX FROM `game_order_mora`
[2019-04-08T10:45:48.959] [INFO] sqlLog - Executing (default): SHOW INDEX FROM `game_member`
[2019-04-08T10:45:48.959] [INFO] sqlLog - Executing (default): SHOW INDEX FROM `game_diamond_log`
[2019-04-08T10:45:48.959] [INFO] sqlLog - Executing (default): SHOW INDEX FROM `game_mora_config`
[2019-04-08T10:45:48.959] [INFO] sqlLog - Executing (default): SHOW INDEX FROM `game_diamond_exchange_order`
[2019-04-08T10:45:48.959] [INFO] sqlLog - Executing (default): SHOW INDEX FROM `game_notice`
[2019-04-08T10:45:48.959] [INFO] sqlLog - Executing (default): SHOW INDEX FROM `game_task`
[2019-04-08T10:45:48.959] [INFO] sqlLog - Executing (default): SHOW INDEX FROM `game_record_log`
[2019-04-08T10:45:48.959] [INFO] sqlLog - Executing (default): SELECT `name`, `index`, `value`, `content` FROM `game_mora_config` AS `game_mora_config` WHERE `game_mora_config`.`name` = 'shape';
[2019-04-08T10:45:48.959] [INFO] sqlLog - Executing (default): SELECT `value` FROM `game_mora_config` AS `game_mora_config` WHERE `game_mora_config`.`name` = 'rate';
[2019-04-08T10:45:48.959] [INFO] sqlLog - Executing (default): SELECT `value` FROM `game_mora_config` AS `game_mora_config` WHERE `game_mora_config`.`name` = 'exchangeUid';
[2019-04-08T10:45:48.959] [INFO] sqlLog - Executing (default): SELECT `id`, `uid`, `grade`, `diamond_number`, `shape`, `status` FROM `game_order_mora` AS `game_order_mora` WHERE `game_order_mora`.`status` = '0';
[2019-04-08T10:45:57.413] [INFO] sqlLog - Executing (default): SELECT `id`, `type`, `join_id`, `uid` FROM `game_task` AS `game_task` WHERE `game_task`.`status` = 0;
[2019-04-08T10:45:57.413] [INFO] sqlLog - Executing (default): SELECT `id`, `diamond`, `uid`, `orderNO` FROM `game_diamond_exchange_order` AS `game_diamond_exchange_order` WHERE `game_diamond_exchange_order`.`id` = 415 AND `game_diamond_exchange_order`.`status` = 3;
[2019-04-08T10:45:57.413] [INFO] sqlLog - Executing (default): SELECT `id`, `user_name`, `user_avatar`, `diamond`, `token`, `freeze_diamond`, `created_at`, `updated_at` FROM `game_member` AS `game_member` WHERE `game_member`.`id` = 1696538;
[2019-04-08T10:46:07.428] [INFO] sqlLog - Executing (default): SELECT `id`, `type`, `join_id`, `uid` FROM `game_task` AS `game_task` WHERE `game_task`.`status` = 0;
[2019-04-08T10:46:07.430] [INFO] sqlLog - Executing (default): SELECT `id`, `diamond`, `uid`, `orderNO` FROM `game_diamond_exchange_order` AS `game_diamond_exchange_order` WHERE `game_diamond_exchange_order`.`id` = 415 AND `game_diamond_exchange_order`.`status` = 3;
[2019-04-08T10:46:07.431] [INFO] sqlLog - Executing (default): SELECT `id`, `user_name`, `user_avatar`, `diamond`, `token`, `freeze_diamond`, `created_at`, `updated_at` FROM `game_member` AS `game_member` WHERE `game_member`.`id` = 1696538;
[2019-04-08T10:46:17.428] [INFO] sqlLog - Executing (default): SELECT `id`, `type`, `join_id`, `uid` FROM `game_task` AS `game_task` WHERE `game_task`.`status` = 0;
[2019-04-08T10:46:17.430] [INFO] sqlLog - Executing (default): SELECT `id`, `diamond`, `uid`, `orderNO` FROM `game_diamond_exchange_order` AS `game_diamond_exchange_order` WHERE `game_diamond_exchange_order`.`id` = 415 AND `game_diamond_exchange_order`.`status` = 3;
[2019-04-08T10:46:17.431] [INFO] sqlLog - Executing (default): SELECT `id`, `user_name`, `user_avatar`, `diamond`, `token`, `freeze_diamond`, `created_at`, `updated_at` FROM `game_member` AS `game_member` WHERE `game_member`.`id` = 1696538;
[2019-04-08T10:46:27.430] [INFO] sqlLog - Executing (default): SELECT `id`, `type`, `join_id`, `uid` FROM `game_task` AS `game_task` WHERE `game_task`.`status` = 0;
[2019-04-08T10:46:27.431] [INFO] sqlLog - Executing (default): SELECT `id`, `diamond`, `uid`, `orderNO` FROM `game_diamond_exchange_order` AS `game_diamond_exchange_order` WHERE `game_diamond_exchange_order`.`id` = 415 AND `game_diamond_exchange_order`.`status` = 3;
[2019-04-08T10:46:27.433] [INFO] sqlLog - Executing (default): SELECT `id`, `user_name`, `user_avatar`, `diamond`, `token`, `freeze_diamond`, `created_at`, `updated_at` FROM `game_member` AS `game_member` WHERE `game_member`.`id` = 1696538;
[2019-04-08T10:46:37.436] [INFO] sqlLog - Executing (default): SELECT `id`, `type`, `join_id`, `uid` FROM `game_task` AS `game_task` WHERE `game_task`.`status` = 0;
[2019-04-08T10:46:37.438] [INFO] sqlLog - Executing (default): SELECT `id`, `diamond`, `uid`, `orderNO` FROM `game_diamond_exchange_order` AS `game_diamond_exchange_order` WHERE `game_diamond_exchange_order`.`id` = 415 AND `game_diamond_exchange_order`.`status` = 3;
[2019-04-08T10:46:37.439] [INFO] sqlLog - Executing (default): SELECT `id`, `user_name`, `user_avatar`, `diamond`, `token`, `freeze_diamond`, `created_at`, `updated_at` FROM `game_member` AS `game_member` WHERE `game_member`.`id` = 1696538;
[2019-04-08T10:46:47.437] [INFO] sqlLog - Executing (default): SELECT `id`, `type`, `join_id`, `uid` FROM `game_task` AS `game_task` WHERE `game_task`.`status` = 0;
[2019-04-08T10:46:47.438] [INFO] sqlLog - Executing (default): SELECT `id`, `diamond`, `uid`, `orderNO` FROM `game_diamond_exchange_order` AS `game_diamond_exchange_order` WHERE `game_diamond_exchange_order`.`id` = 415 AND `game_diamond_exchange_order`.`status` = 3;
[2019-04-08T10:46:47.439] [INFO] sqlLog - Executing (default): SELECT `id`, `user_name`, `user_avatar`, `diamond`, `token`, `freeze_diamond`, `created_at`, `updated_at` FROM `game_member` AS `game_member` WHERE `game_member`.`id` = 1696538;
[2019-04-08T10:46:57.437] [INFO] sqlLog - Executing (default): SELECT `id`, `type`, `join_id`, `uid` FROM `game_task` AS `game_task` WHERE `game_task`.`status` = 0;
[2019-04-08T10:46:57.439] [INFO] sqlLog - Executing (default): SELECT `id`, `diamond`, `uid`, `orderNO` FROM `game_diamond_exchange_order` AS `game_diamond_exchange_order` WHERE `game_diamond_exchange_order`.`id` = 415 AND `game_diamond_exchange_order`.`status` = 3;
[2019-04-08T10:46:57.440] [INFO] sqlLog - Executing (default): SELECT `id`, `user_name`, `user_avatar`, `diamond`, `token`, `freeze_diamond`, `created_at`, `updated_at` FROM `game_member` AS `game_member` WHERE `game_member`.`id` = 1696538;
[2019-04-08T10:47:07.438] [INFO] sqlLog - Executing (default): SELECT `id`, `type`, `join_id`, `uid` FROM `game_task` AS `game_task` WHERE `game_task`.`status` = 0;
[2019-04-08T10:47:07.441] [INFO] sqlLog - Executing (default): SELECT `id`, `diamond`, `uid`, `orderNO` FROM `game_diamond_exchange_order` AS `game_diamond_exchange_order` WHERE `game_diamond_exchange_order`.`id` = 415 AND `game_diamond_exchange_order`.`status` = 3;
[2019-04-08T10:47:07.442] [INFO] sqlLog - Executing (default): SELECT `id`, `user_name`, `user_avatar`, `diamond`, `token`, `freeze_diamond`, `created_at`, `updated_at` FROM `game_member` AS `game_member` WHERE `game_member`.`id` = 1696538;
[2019-04-08T10:47:17.438] [INFO] sqlLog - Executing (default): SELECT `id`, `type`, `join_id`, `uid` FROM `game_task` AS `game_task` WHERE `game_task`.`status` = 0;
[2019-04-08T10:47:17.440] [INFO] sqlLog - Executing (default): SELECT `id`, `diamond`, `uid`, `orderNO` FROM `game_diamond_exchange_order` AS `game_diamond_exchange_order` WHERE `game_diamond_exchange_order`.`id` = 415 AND `game_diamond_exchange_order`.`status` = 3;
[2019-04-08T10:47:17.441] [INFO] sqlLog - Executing (default): SELECT `id`, `user_name`, `user_avatar`, `diamond`, `token`, `freeze_diamond`, `created_at`, `updated_at` FROM `game_member` AS `game_member` WHERE `game_member`.`id` = 1696538;
[2019-04-08T10:47:27.439] [INFO] sqlLog - Executing (default): SELECT `id`, `type`, `join_id`, `uid` FROM `game_task` AS `game_task` WHERE `game_task`.`status` = 0;
[2019-04-08T10:47:27.441] [INFO] sqlLog - Executing (default): SELECT `id`, `diamond`, `uid`, `orderNO` FROM `game_diamond_exchange_order` AS `game_diamond_exchange_order` WHERE `game_diamond_exchange_order`.`id` = 415 AND `game_diamond_exchange_order`.`status` = 3;
[2019-04-08T10:47:27.442] [INFO] sqlLog - Executing (default): SELECT `id`, `user_name`, `user_avatar`, `diamond`, `token`, `freeze_diamond`, `created_at`, `updated_at` FROM `game_member` AS `game_member` WHERE `game_member`.`id` = 1696538;
[2019-04-08T10:47:37.440] [INFO] sqlLog - Executing (default): SELECT `id`, `type`, `join_id`, `uid` FROM `game_task` AS `game_task` WHERE `game_task`.`status` = 0;
[2019-04-08T10:47:37.442] [INFO] sqlLog - Executing (default): SELECT `id`, `diamond`, `uid`, `orderNO` FROM `game_diamond_exchange_order` AS `game_diamond_exchange_order` WHERE `game_diamond_exchange_order`.`id` = 415 AND `game_diamond_exchange_order`.`status` = 3;
[2019-04-08T10:47:37.443] [INFO] sqlLog - Executing (default): SELECT `id`, `user_name`, `user_avatar`, `diamond`, `token`, `freeze_diamond`, `created_at`, `updated_at` FROM `game_member` AS `game_member` WHERE `game_member`.`id` = 1696538;
[2019-04-08T10:47:47.447] [INFO] sqlLog - Executing (default): SELECT `id`, `type`, `join_id`, `uid` FROM `game_task` AS `game_task` WHERE `game_task`.`status` = 0;
[2019-04-08T10:47:47.447] [INFO] sqlLog - Executing (default): SELECT `id`, `diamond`, `uid`, `orderNO` FROM `game_diamond_exchange_order` AS `game_diamond_exchange_order` WHERE `game_diamond_exchange_order`.`id` = 415 AND `game_diamond_exchange_order`.`status` = 3;
[2019-04-08T10:47:47.447] [INFO] sqlLog - Executing (default): SELECT `id`, `user_name`, `user_avatar`, `diamond`, `token`, `freeze_diamond`, `created_at`, `updated_at` FROM `game_member` AS `game_member` WHERE `game_member`.`id` = 1696538;
[2019-04-08T10:47:57.456] [INFO] sqlLog - Executing (default): SELECT `id`, `type`, `join_id`, `uid` FROM `game_task` AS `game_task` WHERE `game_task`.`status` = 0;
[2019-04-08T10:47:57.456] [INFO] sqlLog - Executing (default): SELECT `id`, `diamond`, `uid`, `orderNO` FROM `game_diamond_exchange_order` AS `game_diamond_exchange_order` WHERE `game_diamond_exchange_order`.`id` = 415 AND `game_diamond_exchange_order`.`status` = 3;
[2019-04-08T10:47:57.456] [INFO] sqlLog - Executing (default): SELECT `id`, `user_name`, `user_avatar`, `diamond`, `token`, `freeze_diamond`, `created_at`, `updated_at` FROM `game_member` AS `game_member` WHERE `game_member`.`id` = 1696538;
[2019-04-08T10:48:07.465] [INFO] sqlLog - Executing (default): SELECT `id`, `type`, `join_id`, `uid` FROM `game_task` AS `game_task` WHERE `game_task`.`status` = 0;
[2019-04-08T10:48:07.465] [INFO] sqlLog - Executing (default): SELECT `id`, `diamond`, `uid`, `orderNO` FROM `game_diamond_exchange_order` AS `game_diamond_exchange_order` WHERE `game_diamond_exchange_order`.`id` = 415 AND `game_diamond_exchange_order`.`status` = 3;
[2019-04-08T10:48:07.465] [INFO] sqlLog - Executing (default): SELECT `id`, `user_name`, `user_avatar`, `diamond`, `token`, `freeze_diamond`, `created_at`, `updated_at` FROM `game_member` AS `game_member` WHERE `game_member`.`id` = 1696538;
[2019-04-08T10:48:17.476] [INFO] sqlLog - Executing (default): SELECT `id`, `type`, `join_id`, `uid` FROM `game_task` AS `game_task` WHERE `game_task`.`status` = 0;
[2019-04-08T10:48:17.476] [INFO] sqlLog - Executing (default): SELECT `id`, `diamond`, `uid`, `orderNO` FROM `game_diamond_exchange_order` AS `game_diamond_exchange_order` WHERE `game_diamond_exchange_order`.`id` = 415 AND `game_diamond_exchange_order`.`status` = 3;
[2019-04-08T10:48:17.476] [INFO] sqlLog - Executing (default): SELECT `id`, `user_name`, `user_avatar`, `diamond`, `token`, `freeze_diamond`, `created_at`, `updated_at` FROM `game_member` AS `game_member` WHERE `game_member`.`id` = 1696538;
[2019-04-08T10:48:27.490] [INFO] sqlLog - Executing (default): SELECT `id`, `type`, `join_id`, `uid` FROM `game_task` AS `game_task` WHERE `game_task`.`status` = 0;
[2019-04-08T10:48:27.490] [INFO] sqlLog - Executing (default): SELECT `id`, `diamond`, `uid`, `orderNO` FROM `game_diamond_exchange_order` AS `game_diamond_exchange_order` WHERE `game_diamond_exchange_order`.`id` = 415 AND `game_diamond_exchange_order`.`status` = 3;
[2019-04-08T10:48:27.490] [INFO] sqlLog - Executing (default): SELECT `id`, `user_name`, `user_avatar`, `diamond`, `token`, `freeze_diamond`, `created_at`, `updated_at` FROM `game_member` AS `game_member` WHERE `game_member`.`id` = 1696538;
[2019-04-08T10:48:37.503] [INFO] sqlLog - Executing (default): SELECT `id`, `type`, `join_id`, `uid` FROM `game_task` AS `game_task` WHERE `game_task`.`status` = 0;
[2019-04-08T10:48:37.503] [INFO] sqlLog - Executing (default): SELECT `id`, `diamond`, `uid`, `orderNO` FROM `game_diamond_exchange_order` AS `game_diamond_exchange_order` WHERE `game_diamond_exchange_order`.`id` = 415 AND `game_diamond_exchange_order`.`status` = 3;
[2019-04-08T10:48:37.503] [INFO] sqlLog - Executing (default): SELECT `id`, `user_name`, `user_avatar`, `diamond`, `token`, `freeze_diamond`, `created_at`, `updated_at` FROM `game_member` AS `game_member` WHERE `game_member`.`id` = 1696538;
[2019-04-08T10:48:47.512] [INFO] sqlLog - Executing (default): SELECT `id`, `type`, `join_id`, `uid` FROM `game_task` AS `game_task` WHERE `game_task`.`status` = 0;
[2019-04-08T10:48:47.512] [INFO] sqlLog - Executing (default): SELECT `id`, `diamond`, `uid`, `orderNO` FROM `game_diamond_exchange_order` AS `game_diamond_exchange_order` WHERE `game_diamond_exchange_order`.`id` = 415 AND `game_diamond_exchange_order`.`status` = 3;
[2019-04-08T10:48:47.512] [INFO] sqlLog - Executing (default): SELECT `id`, `user_name`, `user_avatar`, `diamond`, `token`, `freeze_diamond`, `created_at`, `updated_at` FROM `game_member` AS `game_member` WHERE `game_member`.`id` = 1696538;
[2019-04-08T10:48:54.734] [INFO] sqlLog - Executing (default): SELECT 1+1 AS result
[2019-04-08T10:48:54.734] [INFO] sqlLog - Executing (default): CREATE TABLE IF NOT EXISTS `game_member` (`id` INTEGER(10) UNSIGNED NOT NULL , `user_name` VARCHAR(30) NOT NULL, `user_avatar` VARCHAR(255) NOT NULL, `diamond` INTEGER(10) UNSIGNED NOT NULL DEFAULT '0', `token` VARCHAR(50) NOT NULL, `freeze_diamond` INTEGER(10) UNSIGNED NOT NULL DEFAULT '0', `created_at` DATETIME NOT NULL, `updated_at` DATETIME NOT NULL, PRIMARY KEY (`id`)) ENGINE=InnoDB;
[2019-04-08T10:48:54.734] [INFO] sqlLog - Executing (default): CREATE TABLE IF NOT EXISTS `game_order_mora` (`id` INTEGER(10) UNSIGNED NOT NULL auto_increment , `uid` INTEGER(10) UNSIGNED NOT NULL, `target_uid` INTEGER(10) UNSIGNED DEFAULT NULL, `shape` INTEGER(4) NOT NULL, `target_shape` INTEGER(4) DEFAULT NULL, `grade` INTEGER(3) UNSIGNED NOT NULL, `diamond_number` INTEGER(10) UNSIGNED NOT NULL, `status` ENUM('0', '1', '2', '3') NOT NULL DEFAULT '0', `created_at` DATETIME NOT NULL, `updated_at` DATETIME NOT NULL, PRIMARY KEY (`id`)) ENGINE=InnoDB;
[2019-04-08T10:48:54.734] [INFO] sqlLog - Executing (default): CREATE TABLE IF NOT EXISTS `game_mora_config` (`id` INTEGER(3) UNSIGNED NOT NULL auto_increment , `name` VARCHAR(20) NOT NULL, `index` INTEGER(3) UNSIGNED NOT NULL DEFAULT '0', `value` VARCHAR(20) NOT NULL, `content` VARCHAR(30) NOT NULL, `created_at` DATETIME NOT NULL, `updated_at` DATETIME NOT NULL, PRIMARY KEY (`id`)) ENGINE=InnoDB;
[2019-04-08T10:48:54.734] [INFO] sqlLog - Executing (default): CREATE TABLE IF NOT EXISTS `game_diamond_log` (`id` INTEGER(11) NOT NULL auto_increment , `join_id` INTEGER(10) UNSIGNED NOT NULL DEFAULT 0, `uid` INTEGER(10) UNSIGNED NOT NULL, `traget_uid` INTEGER(10) UNSIGNED NOT NULL DEFAULT 0, `type` ENUM('0', '1') NOT NULL, `before_change` INTEGER(10) UNSIGNED NOT NULL, `change` INTEGER(10) UNSIGNED NOT NULL, `after_change` INTEGER(10) UNSIGNED NOT NULL, `source` INTEGER(4) NOT NULL, `content` VARCHAR(30) NOT NULL, `vsc` INTEGER(10) NOT NULL DEFAULT 0, `status` INTEGER(4) NOT NULL DEFAULT 0, `freeze_diamond` INTEGER(10) NOT NULL DEFAULT 0, `created_at` DATETIME NOT NULL, `updated_at` DATETIME NOT NULL, PRIMARY KEY (`id`)) ENGINE=InnoDB;
[2019-04-08T10:48:54.734] [INFO] sqlLog - Executing (default): CREATE TABLE IF NOT EXISTS `game_diamond_exchange_order` (`id` INTEGER(10) UNSIGNED NOT NULL auto_increment , `uid` INTEGER(10) UNSIGNED NOT NULL DEFAULT '0', `orderNO` CHAR(24) NOT NULL UNIQUE, `diamond` INTEGER(10) UNSIGNED NOT NULL DEFAULT '0', `amount` DECIMAL NOT NULL DEFAULT '0.00000000', `orderType` INTEGER(1) UNSIGNED NOT NULL DEFAULT '0', `payType` INTEGER(1) UNSIGNED NOT NULL DEFAULT '0', `status` INTEGER(1) UNSIGNED NOT NULL DEFAULT '0', `content` VARCHAR(100) NOT NULL DEFAULT '', `datetime` DATETIME NOT NULL DEFAULT '1970-01-01 00:00:00', `payTime` DATETIME NOT NULL DEFAULT '1970-01-01 00:00:00', `finishTime` DATETIME NOT NULL DEFAULT '1970-01-01 00:00:00', PRIMARY KEY (`id`)) ENGINE=InnoDB;
[2019-04-08T10:48:54.749] [INFO] sqlLog - Executing (default): CREATE TABLE IF NOT EXISTS `game_notice` (`id` INTEGER(10) UNSIGNED NOT NULL auto_increment , `uid` INTEGER(10) UNSIGNED NOT NULL, `content` VARCHAR(255) NOT NULL, `type` INTEGER(3) UNSIGNED NOT NULL DEFAULT 0, `status` INTEGER(3) UNSIGNED NOT NULL DEFAULT 0, `created_at` DATETIME NOT NULL, `updated_at` DATETIME NOT NULL, PRIMARY KEY (`id`)) ENGINE=InnoDB;
[2019-04-08T10:48:54.749] [INFO] sqlLog - Executing (default): CREATE TABLE IF NOT EXISTS `game_task` (`id` INTEGER(10) UNSIGNED NOT NULL auto_increment , `uid` INTEGER(10) UNSIGNED NOT NULL, `join_id` INTEGER(10) UNSIGNED DEFAULT 0, `type` INTEGER(3) UNSIGNED DEFAULT 0, `status` INTEGER(3) UNSIGNED DEFAULT 0, `created_at` DATETIME NOT NULL, `updated_at` DATETIME NOT NULL, PRIMARY KEY (`id`)) ENGINE=InnoDB;
[2019-04-08T10:48:54.749] [INFO] sqlLog - Executing (default): CREATE TABLE IF NOT EXISTS `game_record_log` (`id` INTEGER(10) UNSIGNED NOT NULL auto_increment , `order_id` INTEGER(10) UNSIGNED NOT NULL, `room_owner_id` INTEGER(10) UNSIGNED NOT NULL, `uid` INTEGER(10) UNSIGNED NOT NULL, `target_uid` INTEGER(10) UNSIGNED NOT NULL, `grade` INTEGER(3) UNSIGNED NOT NULL, `diamond_number` INTEGER(10) UNSIGNED NOT NULL, `res_diamond` INTEGER(10) NOT NULL, `shape` INTEGER(4) NOT NULL, `target_shape` INTEGER(4) DEFAULT NULL, `status` ENUM('0', '1', '2') NOT NULL DEFAULT '0', `created_at` DATETIME NOT NULL, `updated_at` DATETIME NOT NULL, PRIMARY KEY (`id`)) ENGINE=InnoDB;
[2019-04-08T10:48:54.749] [INFO] sqlLog - Executing (default): SELECT `name`, `index`, `value`, `content` FROM `game_mora_config` AS `game_mora_config` WHERE `game_mora_config`.`name` = 'grade';
[2019-04-08T10:48:54.749] [INFO] sqlLog - Executing (default): SHOW INDEX FROM `game_member`
[2019-04-08T10:48:54.749] [INFO] sqlLog - Executing (default): SHOW INDEX FROM `game_order_mora`
[2019-04-08T10:48:54.749] [INFO] sqlLog - Executing (default): SHOW INDEX FROM `game_mora_config`
[2019-04-08T10:48:54.749] [INFO] sqlLog - Executing (default): SHOW INDEX FROM `game_diamond_log`
[2019-04-08T10:48:54.749] [INFO] sqlLog - Executing (default): SHOW INDEX FROM `game_diamond_exchange_order`
[2019-04-08T10:48:54.749] [INFO] sqlLog - Executing (default): SHOW INDEX FROM `game_notice`
[2019-04-08T10:48:54.749] [INFO] sqlLog - Executing (default): SHOW INDEX FROM `game_task`
[2019-04-08T10:48:54.749] [INFO] sqlLog - Executing (default): SHOW INDEX FROM `game_record_log`
[2019-04-08T10:48:54.749] [INFO] sqlLog - Executing (default): SELECT `name`, `index`, `value`, `content` FROM `game_mora_config` AS `game_mora_config` WHERE `game_mora_config`.`name` = 'shape';
[2019-04-08T10:48:54.749] [INFO] sqlLog - Executing (default): SELECT `value` FROM `game_mora_config` AS `game_mora_config` WHERE `game_mora_config`.`name` = 'rate';
[2019-04-08T10:48:54.765] [INFO] sqlLog - Executing (default): SELECT `value` FROM `game_mora_config` AS `game_mora_config` WHERE `game_mora_config`.`name` = 'exchangeUid';
[2019-04-08T10:48:54.765] [INFO] sqlLog - Executing (default): SELECT `id`, `uid`, `grade`, `diamond_number`, `shape`, `status` FROM `game_order_mora` AS `game_order_mora` WHERE `game_order_mora`.`status` = '0';
[2019-04-08T10:49:04.547] [INFO] sqlLog - Executing (default): SELECT `id`, `type`, `join_id`, `uid` FROM `game_task` AS `game_task` WHERE `game_task`.`status` = 0;
[2019-04-08T10:49:04.547] [INFO] sqlLog - Executing (default): SELECT `id`, `diamond`, `uid`, `orderNO` FROM `game_diamond_exchange_order` AS `game_diamond_exchange_order` WHERE `game_diamond_exchange_order`.`id` = 415 AND `game_diamond_exchange_order`.`status` = 3;
[2019-04-08T10:49:04.547] [INFO] sqlLog - Executing (default): SELECT `id`, `user_name`, `user_avatar`, `diamond`, `token`, `freeze_diamond`, `created_at`, `updated_at` FROM `game_member` AS `game_member` WHERE `game_member`.`id` = 1696538;
[2019-04-08T10:49:14.548] [INFO] sqlLog - Executing (default): SELECT `id`, `type`, `join_id`, `uid` FROM `game_task` AS `game_task` WHERE `game_task`.`status` = 0;
[2019-04-08T10:49:14.548] [INFO] sqlLog - Executing (default): SELECT `id`, `diamond`, `uid`, `orderNO` FROM `game_diamond_exchange_order` AS `game_diamond_exchange_order` WHERE `game_diamond_exchange_order`.`id` = 415 AND `game_diamond_exchange_order`.`status` = 3;
[2019-04-08T10:49:14.548] [INFO] sqlLog - Executing (default): SELECT `id`, `user_name`, `user_avatar`, `diamond`, `token`, `freeze_diamond`, `created_at`, `updated_at` FROM `game_member` AS `game_member` WHERE `game_member`.`id` = 1696538;
[2019-04-08T10:49:24.561] [INFO] sqlLog - Executing (default): SELECT `id`, `type`, `join_id`, `uid` FROM `game_task` AS `game_task` WHERE `game_task`.`status` = 0;
[2019-04-08T10:49:24.561] [INFO] sqlLog - Executing (default): SELECT `id`, `diamond`, `uid`, `orderNO` FROM `game_diamond_exchange_order` AS `game_diamond_exchange_order` WHERE `game_diamond_exchange_order`.`id` = 415 AND `game_diamond_exchange_order`.`status` = 3;
[2019-04-08T10:49:24.561] [INFO] sqlLog - Executing (default): SELECT `id`, `user_name`, `user_avatar`, `diamond`, `token`, `freeze_diamond`, `created_at`, `updated_at` FROM `game_member` AS `game_member` WHERE `game_member`.`id` = 1696538;
[2019-04-08T10:49:34.567] [INFO] sqlLog - Executing (default): SELECT `id`, `type`, `join_id`, `uid` FROM `game_task` AS `game_task` WHERE `game_task`.`status` = 0;
[2019-04-08T10:49:34.567] [INFO] sqlLog - Executing (default): SELECT `id`, `diamond`, `uid`, `orderNO` FROM `game_diamond_exchange_order` AS `game_diamond_exchange_order` WHERE `game_diamond_exchange_order`.`id` = 415 AND `game_diamond_exchange_order`.`status` = 3;
[2019-04-08T10:49:34.567] [INFO] sqlLog - Executing (default): SELECT `id`, `user_name`, `user_avatar`, `diamond`, `token`, `freeze_diamond`, `created_at`, `updated_at` FROM `game_member` AS `game_member` WHERE `game_member`.`id` = 1696538;
[2019-04-08T10:49:44.568] [INFO] sqlLog - Executing (default): SELECT `id`, `type`, `join_id`, `uid` FROM `game_task` AS `game_task` WHERE `game_task`.`status` = 0;
[2019-04-08T10:49:44.569] [INFO] sqlLog - Executing (default): SELECT `id`, `diamond`, `uid`, `orderNO` FROM `game_diamond_exchange_order` AS `game_diamond_exchange_order` WHERE `game_diamond_exchange_order`.`id` = 415 AND `game_diamond_exchange_order`.`status` = 3;
[2019-04-08T10:49:44.571] [INFO] sqlLog - Executing (default): SELECT `id`, `user_name`, `user_avatar`, `diamond`, `token`, `freeze_diamond`, `created_at`, `updated_at` FROM `game_member` AS `game_member` WHERE `game_member`.`id` = 1696538;
[2019-04-08T10:49:54.584] [INFO] sqlLog - Executing (default): SELECT `id`, `type`, `join_id`, `uid` FROM `game_task` AS `game_task` WHERE `game_task`.`status` = 0;
[2019-04-08T10:49:54.584] [INFO] sqlLog - Executing (default): SELECT `id`, `diamond`, `uid`, `orderNO` FROM `game_diamond_exchange_order` AS `game_diamond_exchange_order` WHERE `game_diamond_exchange_order`.`id` = 415 AND `game_diamond_exchange_order`.`status` = 3;
[2019-04-08T10:49:54.584] [INFO] sqlLog - Executing (default): SELECT `id`, `user_name`, `user_avatar`, `diamond`, `token`, `freeze_diamond`, `created_at`, `updated_at` FROM `game_member` AS `game_member` WHERE `game_member`.`id` = 1696538;
[2019-04-08T10:50:04.599] [INFO] sqlLog - Executing (default): SELECT `id`, `type`, `join_id`, `uid` FROM `game_task` AS `game_task` WHERE `game_task`.`status` = 0;
[2019-04-08T10:50:04.599] [INFO] sqlLog - Executing (default): SELECT `id`, `diamond`, `uid`, `orderNO` FROM `game_diamond_exchange_order` AS `game_diamond_exchange_order` WHERE `game_diamond_exchange_order`.`id` = 415 AND `game_diamond_exchange_order`.`status` = 3;
[2019-04-08T10:50:04.599] [INFO] sqlLog - Executing (default): SELECT `id`, `user_name`, `user_avatar`, `diamond`, `token`, `freeze_diamond`, `created_at`, `updated_at` FROM `game_member` AS `game_member` WHERE `game_member`.`id` = 1696538;
[2019-04-08T10:50:14.599] [INFO] sqlLog - Executing (default): SELECT `id`, `type`, `join_id`, `uid` FROM `game_task` AS `game_task` WHERE `game_task`.`status` = 0;
[2019-04-08T10:50:14.599] [INFO] sqlLog - Executing (default): SELECT `id`, `diamond`, `uid`, `orderNO` FROM `game_diamond_exchange_order` AS `game_diamond_exchange_order` WHERE `game_diamond_exchange_order`.`id` = 415 AND `game_diamond_exchange_order`.`status` = 3;
[2019-04-08T10:50:14.599] [INFO] sqlLog - Executing (default): SELECT `id`, `user_name`, `user_avatar`, `diamond`, `token`, `freeze_diamond`, `created_at`, `updated_at` FROM `game_member` AS `game_member` WHERE `game_member`.`id` = 1696538;
[2019-04-08T10:50:24.615] [INFO] sqlLog - Executing (default): SELECT `id`, `type`, `join_id`, `uid` FROM `game_task` AS `game_task` WHERE `game_task`.`status` = 0;
[2019-04-08T10:50:24.615] [INFO] sqlLog - Executing (default): SELECT `id`, `diamond`, `uid`, `orderNO` FROM `game_diamond_exchange_order` AS `game_diamond_exchange_order` WHERE `game_diamond_exchange_order`.`id` = 415 AND `game_diamond_exchange_order`.`status` = 3;
[2019-04-08T10:50:24.615] [INFO] sqlLog - Executing (default): SELECT `id`, `user_name`, `user_avatar`, `diamond`, `token`, `freeze_diamond`, `created_at`, `updated_at` FROM `game_member` AS `game_member` WHERE `game_member`.`id` = 1696538;
[2019-04-08T10:50:34.631] [INFO] sqlLog - Executing (default): SELECT `id`, `type`, `join_id`, `uid` FROM `game_task` AS `game_task` WHERE `game_task`.`status` = 0;
[2019-04-08T10:50:34.631] [INFO] sqlLog - Executing (default): SELECT `id`, `diamond`, `uid`, `orderNO` FROM `game_diamond_exchange_order` AS `game_diamond_exchange_order` WHERE `game_diamond_exchange_order`.`id` = 415 AND `game_diamond_exchange_order`.`status` = 3;
[2019-04-08T10:50:34.631] [INFO] sqlLog - Executing (default): SELECT `id`, `user_name`, `user_avatar`, `diamond`, `token`, `freeze_diamond`, `created_at`, `updated_at` FROM `game_member` AS `game_member` WHERE `game_member`.`id` = 1696538;
[2019-04-08T10:50:44.638] [INFO] sqlLog - Executing (default): SELECT `id`, `type`, `join_id`, `uid` FROM `game_task` AS `game_task` WHERE `game_task`.`status` = 0;
[2019-04-08T10:50:44.638] [INFO] sqlLog - Executing (default): SELECT `id`, `diamond`, `uid`, `orderNO` FROM `game_diamond_exchange_order` AS `game_diamond_exchange_order` WHERE `game_diamond_exchange_order`.`id` = 415 AND `game_diamond_exchange_order`.`status` = 3;
[2019-04-08T10:50:44.638] [INFO] sqlLog - Executing (default): SELECT `id`, `user_name`, `user_avatar`, `diamond`, `token`, `freeze_diamond`, `created_at`, `updated_at` FROM `game_member` AS `game_member` WHERE `game_member`.`id` = 1696538;
[2019-04-08T10:50:54.646] [INFO] sqlLog - Executing (default): SELECT `id`, `type`, `join_id`, `uid` FROM `game_task` AS `game_task` WHERE `game_task`.`status` = 0;
[2019-04-08T10:50:54.646] [INFO] sqlLog - Executing (default): SELECT `id`, `diamond`, `uid`, `orderNO` FROM `game_diamond_exchange_order` AS `game_diamond_exchange_order` WHERE `game_diamond_exchange_order`.`id` = 415 AND `game_diamond_exchange_order`.`status` = 3;
[2019-04-08T10:50:54.646] [INFO] sqlLog - Executing (default): SELECT `id`, `user_name`, `user_avatar`, `diamond`, `token`, `freeze_diamond`, `created_at`, `updated_at` FROM `game_member` AS `game_member` WHERE `game_member`.`id` = 1696538;
[2019-04-08T10:51:04.647] [INFO] sqlLog - Executing (default): SELECT `id`, `type`, `join_id`, `uid` FROM `game_task` AS `game_task` WHERE `game_task`.`status` = 0;
[2019-04-08T10:51:04.647] [INFO] sqlLog - Executing (default): SELECT `id`, `diamond`, `uid`, `orderNO` FROM `game_diamond_exchange_order` AS `game_diamond_exchange_order` WHERE `game_diamond_exchange_order`.`id` = 415 AND `game_diamond_exchange_order`.`status` = 3;
[2019-04-08T10:51:04.647] [INFO] sqlLog - Executing (default): SELECT `id`, `user_name`, `user_avatar`, `diamond`, `token`, `freeze_diamond`, `created_at`, `updated_at` FROM `game_member` AS `game_member` WHERE `game_member`.`id` = 1696538;
[2019-04-08T10:51:14.662] [INFO] sqlLog - Executing (default): SELECT `id`, `type`, `join_id`, `uid` FROM `game_task` AS `game_task` WHERE `game_task`.`status` = 0;
[2019-04-08T10:51:14.662] [INFO] sqlLog - Executing (default): SELECT `id`, `diamond`, `uid`, `orderNO` FROM `game_diamond_exchange_order` AS `game_diamond_exchange_order` WHERE `game_diamond_exchange_order`.`id` = 415 AND `game_diamond_exchange_order`.`status` = 3;
[2019-04-08T10:51:14.662] [INFO] sqlLog - Executing (default): SELECT `id`, `user_name`, `user_avatar`, `diamond`, `token`, `freeze_diamond`, `created_at`, `updated_at` FROM `game_member` AS `game_member` WHERE `game_member`.`id` = 1696538;
[2019-04-08T10:51:24.675] [INFO] sqlLog - Executing (default): SELECT `id`, `type`, `join_id`, `uid` FROM `game_task` AS `game_task` WHERE `game_task`.`status` = 0;
[2019-04-08T10:51:24.678] [INFO] sqlLog - Executing (default): SELECT `id`, `diamond`, `uid`, `orderNO` FROM `game_diamond_exchange_order` AS `game_diamond_exchange_order` WHERE `game_diamond_exchange_order`.`id` = 415 AND `game_diamond_exchange_order`.`status` = 3;
[2019-04-08T10:51:24.680] [INFO] sqlLog - Executing (default): SELECT `id`, `user_name`, `user_avatar`, `diamond`, `token`, `freeze_diamond`, `created_at`, `updated_at` FROM `game_member` AS `game_member` WHERE `game_member`.`id` = 1696538;
[2019-04-08T10:51:34.677] [INFO] sqlLog - Executing (default): SELECT `id`, `type`, `join_id`, `uid` FROM `game_task` AS `game_task` WHERE `game_task`.`status` = 0;
[2019-04-08T10:51:34.679] [INFO] sqlLog - Executing (default): SELECT `id`, `diamond`, `uid`, `orderNO` FROM `game_diamond_exchange_order` AS `game_diamond_exchange_order` WHERE `game_diamond_exchange_order`.`id` = 415 AND `game_diamond_exchange_order`.`status` = 3;
[2019-04-08T10:51:34.680] [INFO] sqlLog - Executing (default): SELECT `id`, `user_name`, `user_avatar`, `diamond`, `token`, `freeze_diamond`, `created_at`, `updated_at` FROM `game_member` AS `game_member` WHERE `game_member`.`id` = 1696538;
[2019-04-08T10:51:44.678] [INFO] sqlLog - Executing (default): SELECT `id`, `type`, `join_id`, `uid` FROM `game_task` AS `game_task` WHERE `game_task`.`status` = 0;
[2019-04-08T10:51:44.680] [INFO] sqlLog - Executing (default): SELECT `id`, `diamond`, `uid`, `orderNO` FROM `game_diamond_exchange_order` AS `game_diamond_exchange_order` WHERE `game_diamond_exchange_order`.`id` = 415 AND `game_diamond_exchange_order`.`status` = 3;
[2019-04-08T10:51:44.681] [INFO] sqlLog - Executing (default): SELECT `id`, `user_name`, `user_avatar`, `diamond`, `token`, `freeze_diamond`, `created_at`, `updated_at` FROM `game_member` AS `game_member` WHERE `game_member`.`id` = 1696538;
[2019-04-08T10:51:54.679] [INFO] sqlLog - Executing (default): SELECT `id`, `type`, `join_id`, `uid` FROM `game_task` AS `game_task` WHERE `game_task`.`status` = 0;
[2019-04-08T10:51:54.681] [INFO] sqlLog - Executing (default): SELECT `id`, `diamond`, `uid`, `orderNO` FROM `game_diamond_exchange_order` AS `game_diamond_exchange_order` WHERE `game_diamond_exchange_order`.`id` = 415 AND `game_diamond_exchange_order`.`status` = 3;
[2019-04-08T10:51:54.683] [INFO] sqlLog - Executing (default): SELECT `id`, `user_name`, `user_avatar`, `diamond`, `token`, `freeze_diamond`, `created_at`, `updated_at` FROM `game_member` AS `game_member` WHERE `game_member`.`id` = 1696538;
[2019-04-08T10:52:04.680] [INFO] sqlLog - Executing (default): SELECT `id`, `type`, `join_id`, `uid` FROM `game_task` AS `game_task` WHERE `game_task`.`status` = 0;
[2019-04-08T10:52:04.682] [INFO] sqlLog - Executing (default): SELECT `id`, `diamond`, `uid`, `orderNO` FROM `game_diamond_exchange_order` AS `game_diamond_exchange_order` WHERE `game_diamond_exchange_order`.`id` = 415 AND `game_diamond_exchange_order`.`status` = 3;
[2019-04-08T10:52:04.683] [INFO] sqlLog - Executing (default): SELECT `id`, `user_name`, `user_avatar`, `diamond`, `token`, `freeze_diamond`, `created_at`, `updated_at` FROM `game_member` AS `game_member` WHERE `game_member`.`id` = 1696538;
[2019-04-08T10:52:14.681] [INFO] sqlLog - Executing (default): SELECT `id`, `type`, `join_id`, `uid` FROM `game_task` AS `game_task` WHERE `game_task`.`status` = 0;
[2019-04-08T10:52:14.683] [INFO] sqlLog - Executing (default): SELECT `id`, `diamond`, `uid`, `orderNO` FROM `game_diamond_exchange_order` AS `game_diamond_exchange_order` WHERE `game_diamond_exchange_order`.`id` = 415 AND `game_diamond_exchange_order`.`status` = 3;
[2019-04-08T10:52:14.684] [INFO] sqlLog - Executing (default): SELECT `id`, `user_name`, `user_avatar`, `diamond`, `token`, `freeze_diamond`, `created_at`, `updated_at` FROM `game_member` AS `game_member` WHERE `game_member`.`id` = 1696538;
[2019-04-08T10:52:24.682] [INFO] sqlLog - Executing (default): SELECT `id`, `type`, `join_id`, `uid` FROM `game_task` AS `game_task` WHERE `game_task`.`status` = 0;
[2019-04-08T10:52:24.684] [INFO] sqlLog - Executing (default): SELECT `id`, `diamond`, `uid`, `orderNO` FROM `game_diamond_exchange_order` AS `game_diamond_exchange_order` WHERE `game_diamond_exchange_order`.`id` = 415 AND `game_diamond_exchange_order`.`status` = 3;
[2019-04-08T10:52:24.685] [INFO] sqlLog - Executing (default): SELECT `id`, `user_name`, `user_avatar`, `diamond`, `token`, `freeze_diamond`, `created_at`, `updated_at` FROM `game_member` AS `game_member` WHERE `game_member`.`id` = 1696538;
[2019-04-08T10:52:34.682] [INFO] sqlLog - Executing (default): SELECT `id`, `type`, `join_id`, `uid` FROM `game_task` AS `game_task` WHERE `game_task`.`status` = 0;
[2019-04-08T10:52:34.684] [INFO] sqlLog - Executing (default): SELECT `id`, `diamond`, `uid`, `orderNO` FROM `game_diamond_exchange_order` AS `game_diamond_exchange_order` WHERE `game_diamond_exchange_order`.`id` = 415 AND `game_diamond_exchange_order`.`status` = 3;
[2019-04-08T10:52:34.685] [INFO] sqlLog - Executing (default): SELECT `id`, `user_name`, `user_avatar`, `diamond`, `token`, `freeze_diamond`, `created_at`, `updated_at` FROM `game_member` AS `game_member` WHERE `game_member`.`id` = 1696538;
[2019-04-08T10:52:44.685] [INFO] sqlLog - Executing (default): SELECT `id`, `type`, `join_id`, `uid` FROM `game_task` AS `game_task` WHERE `game_task`.`status` = 0;
[2019-04-08T10:52:44.687] [INFO] sqlLog - Executing (default): SELECT `id`, `diamond`, `uid`, `orderNO` FROM `game_diamond_exchange_order` AS `game_diamond_exchange_order` WHERE `game_diamond_exchange_order`.`id` = 415 AND `game_diamond_exchange_order`.`status` = 3;
[2019-04-08T10:52:44.688] [INFO] sqlLog - Executing (default): SELECT `id`, `user_name`, `user_avatar`, `diamond`, `token`, `freeze_diamond`, `created_at`, `updated_at` FROM `game_member` AS `game_member` WHERE `game_member`.`id` = 1696538;
[2019-04-08T10:52:54.686] [INFO] sqlLog - Executing (default): SELECT `id`, `type`, `join_id`, `uid` FROM `game_task` AS `game_task` WHERE `game_task`.`status` = 0;
[2019-04-08T10:52:54.688] [INFO] sqlLog - Executing (default): SELECT `id`, `diamond`, `uid`, `orderNO` FROM `game_diamond_exchange_order` AS `game_diamond_exchange_order` WHERE `game_diamond_exchange_order`.`id` = 415 AND `game_diamond_exchange_order`.`status` = 3;
[2019-04-08T10:52:54.689] [INFO] sqlLog - Executing (default): SELECT `id`, `user_name`, `user_avatar`, `diamond`, `token`, `freeze_diamond`, `created_at`, `updated_at` FROM `game_member` AS `game_member` WHERE `game_member`.`id` = 1696538;
[2019-04-08T10:53:04.688] [INFO] sqlLog - Executing (default): SELECT `id`, `type`, `join_id`, `uid` FROM `game_task` AS `game_task` WHERE `game_task`.`status` = 0;
[2019-04-08T10:53:04.689] [INFO] sqlLog - Executing (default): SELECT `id`, `diamond`, `uid`, `orderNO` FROM `game_diamond_exchange_order` AS `game_diamond_exchange_order` WHERE `game_diamond_exchange_order`.`id` = 415 AND `game_diamond_exchange_order`.`status` = 3;
[2019-04-08T10:53:04.691] [INFO] sqlLog - Executing (default): SELECT `id`, `user_name`, `user_avatar`, `diamond`, `token`, `freeze_diamond`, `created_at`, `updated_at` FROM `game_member` AS `game_member` WHERE `game_member`.`id` = 1696538;
[2019-04-08T10:53:14.688] [INFO] sqlLog - Executing (default): SELECT `id`, `type`, `join_id`, `uid` FROM `game_task` AS `game_task` WHERE `game_task`.`status` = 0;
[2019-04-08T10:53:14.690] [INFO] sqlLog - Executing (default): SELECT `id`, `diamond`, `uid`, `orderNO` FROM `game_diamond_exchange_order` AS `game_diamond_exchange_order` WHERE `game_diamond_exchange_order`.`id` = 415 AND `game_diamond_exchange_order`.`status` = 3;
[2019-04-08T10:53:14.691] [INFO] sqlLog - Executing (default): SELECT `id`, `user_name`, `user_avatar`, `diamond`, `token`, `freeze_diamond`, `created_at`, `updated_at` FROM `game_member` AS `game_member` WHERE `game_member`.`id` = 1696538;
[2019-04-08T10:53:24.689] [INFO] sqlLog - Executing (default): SELECT `id`, `type`, `join_id`, `uid` FROM `game_task` AS `game_task` WHERE `game_task`.`status` = 0;
[2019-04-08T10:53:24.691] [INFO] sqlLog - Executing (default): SELECT `id`, `diamond`, `uid`, `orderNO` FROM `game_diamond_exchange_order` AS `game_diamond_exchange_order` WHERE `game_diamond_exchange_order`.`id` = 415 AND `game_diamond_exchange_order`.`status` = 3;
[2019-04-08T10:53:24.693] [INFO] sqlLog - Executing (default): SELECT `id`, `user_name`, `user_avatar`, `diamond`, `token`, `freeze_diamond`, `created_at`, `updated_at` FROM `game_member` AS `game_member` WHERE `game_member`.`id` = 1696538;
[2019-04-08T10:53:34.689] [INFO] sqlLog - Executing (default): SELECT `id`, `type`, `join_id`, `uid` FROM `game_task` AS `game_task` WHERE `game_task`.`status` = 0;
[2019-04-08T10:53:34.691] [INFO] sqlLog - Executing (default): SELECT `id`, `diamond`, `uid`, `orderNO` FROM `game_diamond_exchange_order` AS `game_diamond_exchange_order` WHERE `game_diamond_exchange_order`.`id` = 415 AND `game_diamond_exchange_order`.`status` = 3;
[2019-04-08T10:53:34.692] [INFO] sqlLog - Executing (default): SELECT `id`, `user_name`, `user_avatar`, `diamond`, `token`, `freeze_diamond`, `created_at`, `updated_at` FROM `game_member` AS `game_member` WHERE `game_member`.`id` = 1696538;
[2019-04-08T10:53:44.691] [INFO] sqlLog - Executing (default): SELECT `id`, `type`, `join_id`, `uid` FROM `game_task` AS `game_task` WHERE `game_task`.`status` = 0;
[2019-04-08T10:53:44.692] [INFO] sqlLog - Executing (default): SELECT `id`, `diamond`, `uid`, `orderNO` FROM `game_diamond_exchange_order` AS `game_diamond_exchange_order` WHERE `game_diamond_exchange_order`.`id` = 415 AND `game_diamond_exchange_order`.`status` = 3;
[2019-04-08T10:53:44.693] [INFO] sqlLog - Executing (default): SELECT `id`, `user_name`, `user_avatar`, `diamond`, `token`, `freeze_diamond`, `created_at`, `updated_at` FROM `game_member` AS `game_member` WHERE `game_member`.`id` = 1696538;
[2019-04-08T10:53:54.692] [INFO] sqlLog - Executing (default): SELECT `id`, `type`, `join_id`, `uid` FROM `game_task` AS `game_task` WHERE `game_task`.`status` = 0;
[2019-04-08T10:53:54.694] [INFO] sqlLog - Executing (default): SELECT `id`, `diamond`, `uid`, `orderNO` FROM `game_diamond_exchange_order` AS `game_diamond_exchange_order` WHERE `game_diamond_exchange_order`.`id` = 415 AND `game_diamond_exchange_order`.`status` = 3;
[2019-04-08T10:53:54.695] [INFO] sqlLog - Executing (default): SELECT `id`, `user_name`, `user_avatar`, `diamond`, `token`, `freeze_diamond`, `created_at`, `updated_at` FROM `game_member` AS `game_member` WHERE `game_member`.`id` = 1696538;
[2019-04-08T10:54:04.692] [INFO] sqlLog - Executing (default): SELECT `id`, `type`, `join_id`, `uid` FROM `game_task` AS `game_task` WHERE `game_task`.`status` = 0;
[2019-04-08T10:54:04.694] [INFO] sqlLog - Executing (default): SELECT `id`, `diamond`, `uid`, `orderNO` FROM `game_diamond_exchange_order` AS `game_diamond_exchange_order` WHERE `game_diamond_exchange_order`.`id` = 415 AND `game_diamond_exchange_order`.`status` = 3;
[2019-04-08T10:54:04.695] [INFO] sqlLog - Executing (default): SELECT `id`, `user_name`, `user_avatar`, `diamond`, `token`, `freeze_diamond`, `created_at`, `updated_at` FROM `game_member` AS `game_member` WHERE `game_member`.`id` = 1696538;
[2019-04-08T10:54:14.692] [INFO] sqlLog - Executing (default): SELECT `id`, `type`, `join_id`, `uid` FROM `game_task` AS `game_task` WHERE `game_task`.`status` = 0;
[2019-04-08T10:54:14.694] [INFO] sqlLog - Executing (default): SELECT `id`, `diamond`, `uid`, `orderNO` FROM `game_diamond_exchange_order` AS `game_diamond_exchange_order` WHERE `game_diamond_exchange_order`.`id` = 415 AND `game_diamond_exchange_order`.`status` = 3;
[2019-04-08T10:54:14.695] [INFO] sqlLog - Executing (default): SELECT `id`, `user_name`, `user_avatar`, `diamond`, `token`, `freeze_diamond`, `created_at`, `updated_at` FROM `game_member` AS `game_member` WHERE `game_member`.`id` = 1696538;
[2019-04-08T10:54:24.693] [INFO] sqlLog - Executing (default): SELECT `id`, `type`, `join_id`, `uid` FROM `game_task` AS `game_task` WHERE `game_task`.`status` = 0;
[2019-04-08T10:54:24.695] [INFO] sqlLog - Executing (default): SELECT `id`, `diamond`, `uid`, `orderNO` FROM `game_diamond_exchange_order` AS `game_diamond_exchange_order` WHERE `game_diamond_exchange_order`.`id` = 415 AND `game_diamond_exchange_order`.`status` = 3;
[2019-04-08T10:54:24.696] [INFO] sqlLog - Executing (default): SELECT `id`, `user_name`, `user_avatar`, `diamond`, `token`, `freeze_diamond`, `created_at`, `updated_at` FROM `game_member` AS `game_member` WHERE `game_member`.`id` = 1696538;
[2019-04-08T10:54:34.695] [INFO] sqlLog - Executing (default): SELECT `id`, `type`, `join_id`, `uid` FROM `game_task` AS `game_task` WHERE `game_task`.`status` = 0;
[2019-04-08T10:54:34.696] [INFO] sqlLog - Executing (default): SELECT `id`, `diamond`, `uid`, `orderNO` FROM `game_diamond_exchange_order` AS `game_diamond_exchange_order` WHERE `game_diamond_exchange_order`.`id` = 415 AND `game_diamond_exchange_order`.`status` = 3;
[2019-04-08T10:54:34.698] [INFO] sqlLog - Executing (default): SELECT `id`, `user_name`, `user_avatar`, `diamond`, `token`, `freeze_diamond`, `created_at`, `updated_at` FROM `game_member` AS `game_member` WHERE `game_member`.`id` = 1696538;
[2019-04-08T10:54:44.695] [INFO] sqlLog - Executing (default): SELECT `id`, `type`, `join_id`, `uid` FROM `game_task` AS `game_task` WHERE `game_task`.`status` = 0;
[2019-04-08T10:54:44.697] [INFO] sqlLog - Executing (default): SELECT `id`, `diamond`, `uid`, `orderNO` FROM `game_diamond_exchange_order` AS `game_diamond_exchange_order` WHERE `game_diamond_exchange_order`.`id` = 415 AND `game_diamond_exchange_order`.`status` = 3;
[2019-04-08T10:54:44.698] [INFO] sqlLog - Executing (default): SELECT `id`, `user_name`, `user_avatar`, `diamond`, `token`, `freeze_diamond`, `created_at`, `updated_at` FROM `game_member` AS `game_member` WHERE `game_member`.`id` = 1696538;
[2019-04-08T10:54:54.696] [INFO] sqlLog - Executing (default): SELECT `id`, `type`, `join_id`, `uid` FROM `game_task` AS `game_task` WHERE `game_task`.`status` = 0;
[2019-04-08T10:54:54.698] [INFO] sqlLog - Executing (default): SELECT `id`, `diamond`, `uid`, `orderNO` FROM `game_diamond_exchange_order` AS `game_diamond_exchange_order` WHERE `game_diamond_exchange_order`.`id` = 415 AND `game_diamond_exchange_order`.`status` = 3;
[2019-04-08T10:54:54.699] [INFO] sqlLog - Executing (default): SELECT `id`, `user_name`, `user_avatar`, `diamond`, `token`, `freeze_diamond`, `created_at`, `updated_at` FROM `game_member` AS `game_member` WHERE `game_member`.`id` = 1696538;
[2019-04-08T10:55:04.696] [INFO] sqlLog - Executing (default): SELECT `id`, `type`, `join_id`, `uid` FROM `game_task` AS `game_task` WHERE `game_task`.`status` = 0;
[2019-04-08T10:55:04.698] [INFO] sqlLog - Executing (default): SELECT `id`, `diamond`, `uid`, `orderNO` FROM `game_diamond_exchange_order` AS `game_diamond_exchange_order` WHERE `game_diamond_exchange_order`.`id` = 415 AND `game_diamond_exchange_order`.`status` = 3;
[2019-04-08T10:55:04.699] [INFO] sqlLog - Executing (default): SELECT `id`, `user_name`, `user_avatar`, `diamond`, `token`, `freeze_diamond`, `created_at`, `updated_at` FROM `game_member` AS `game_member` WHERE `game_member`.`id` = 1696538;
[2019-04-08T10:55:14.698] [INFO] sqlLog - Executing (default): SELECT `id`, `type`, `join_id`, `uid` FROM `game_task` AS `game_task` WHERE `game_task`.`status` = 0;
[2019-04-08T10:55:14.699] [INFO] sqlLog - Executing (default): SELECT `id`, `diamond`, `uid`, `orderNO` FROM `game_diamond_exchange_order` AS `game_diamond_exchange_order` WHERE `game_diamond_exchange_order`.`id` = 415 AND `game_diamond_exchange_order`.`status` = 3;
[2019-04-08T10:55:14.701] [INFO] sqlLog - Executing (default): SELECT `id`, `user_name`, `user_avatar`, `diamond`, `token`, `freeze_diamond`, `created_at`, `updated_at` FROM `game_member` AS `game_member` WHERE `game_member`.`id` = 1696538;
[2019-04-08T10:55:24.703] [INFO] sqlLog - Executing (default): SELECT `id`, `type`, `join_id`, `uid` FROM `game_task` AS `game_task` WHERE `game_task`.`status` = 0;
[2019-04-08T10:55:24.703] [INFO] sqlLog - Executing (default): SELECT `id`, `diamond`, `uid`, `orderNO` FROM `game_diamond_exchange_order` AS `game_diamond_exchange_order` WHERE `game_diamond_exchange_order`.`id` = 415 AND `game_diamond_exchange_order`.`status` = 3;
[2019-04-08T10:55:24.703] [INFO] sqlLog - Executing (default): SELECT `id`, `user_name`, `user_avatar`, `diamond`, `token`, `freeze_diamond`, `created_at`, `updated_at` FROM `game_member` AS `game_member` WHERE `game_member`.`id` = 1696538;
[2019-04-08T10:55:34.713] [INFO] sqlLog - Executing (default): SELECT `id`, `type`, `join_id`, `uid` FROM `game_task` AS `game_task` WHERE `game_task`.`status` = 0;
[2019-04-08T10:55:34.713] [INFO] sqlLog - Executing (default): SELECT `id`, `diamond`, `uid`, `orderNO` FROM `game_diamond_exchange_order` AS `game_diamond_exchange_order` WHERE `game_diamond_exchange_order`.`id` = 415 AND `game_diamond_exchange_order`.`status` = 3;
[2019-04-08T10:55:34.713] [INFO] sqlLog - Executing (default): SELECT `id`, `user_name`, `user_avatar`, `diamond`, `token`, `freeze_diamond`, `created_at`, `updated_at` FROM `game_member` AS `game_member` WHERE `game_member`.`id` = 1696538;
